[0.032s] Invoking command in '/home/rosdev/ros2_ws/build/rvio2': CMAKE_PREFIX_PATH=/opt/ros/humble /usr/bin/cmake /home/rosdev/ros2_ws/src/rvio2 -DCMAKE_INSTALL_PREFIX=/home/rosdev/ros2_ws/install/rvio2
[0.209s] -- The C compiler identification is GNU 11.4.0
[0.355s] -- The CXX compiler identification is GNU 11.4.0
[0.375s] -- Detecting C compiler ABI info
[0.466s] -- Detecting C compiler ABI info - done
[0.473s] -- Check for working C compiler: /usr/bin/cc - skipped
[0.474s] -- Detecting C compile features
[0.475s] -- Detecting C compile features - done
[0.480s] -- Detecting CXX compiler ABI info
[0.569s] -- Detecting CXX compiler ABI info - done
[0.576s] -- Check for working CXX compiler: /usr/bin/c++ - skipped
[0.576s] -- Detecting CXX compile features
[0.577s] -- Detecting CXX compile features - done
[0.577s] -- Build type: Release
[0.595s] -- Found ament_cmake: 1.3.11 (/opt/ros/humble/share/ament_cmake/cmake)
[0.734s] -- Found Python3: /usr/bin/python3 (found version "3.10.12") found components: Interpreter 
[0.874s] -- Found rclcpp: 16.0.11 (/opt/ros/humble/share/rclcpp/cmake)
[0.961s] -- Found rosidl_generator_c: 3.1.6 (/opt/ros/humble/share/rosidl_generator_c/cmake)
[0.976s] -- Found rosidl_adapter: 3.1.6 (/opt/ros/humble/share/rosidl_adapter/cmake)
[0.997s] -- Found rosidl_generator_cpp: 3.1.6 (/opt/ros/humble/share/rosidl_generator_cpp/cmake)
[1.024s] -- Using all available rosidl_typesupport_c: rosidl_typesupport_fastrtps_c;rosidl_typesupport_introspection_c
[1.053s] -- Using all available rosidl_typesupport_cpp: rosidl_typesupport_fastrtps_cpp;rosidl_typesupport_introspection_cpp
[1.126s] -- Found rmw_implementation_cmake: 6.1.2 (/opt/ros/humble/share/rmw_implementation_cmake/cmake)
[1.132s] -- Found rmw_fastrtps_cpp: 6.2.7 (/opt/ros/humble/share/rmw_fastrtps_cpp/cmake)
[1.250s] -- Found OpenSSL: /usr/lib/x86_64-linux-gnu/libcrypto.so (found version "3.0.2")  
[1.271s] -- Found FastRTPS: /opt/ros/humble/include  
[1.301s] -- Using RMW implementation 'rmw_fastrtps_cpp' as default
[1.318s] -- Looking for pthread.h
[1.411s] -- Looking for pthread.h - found
[1.411s] -- Performing Test CMAKE_HAVE_LIBC_PTHREAD
[1.495s] -- Performing Test CMAKE_HAVE_LIBC_PTHREAD - Success
[1.496s] -- Found Threads: TRUE  
[1.604s] -- Found sensor_msgs: 4.2.4 (/opt/ros/humble/share/sensor_msgs/cmake)
[1.660s] -- Found visualization_msgs: 4.2.4 (/opt/ros/humble/share/visualization_msgs/cmake)
[1.692s] -- Found nav_msgs: 4.2.4 (/opt/ros/humble/share/nav_msgs/cmake)
[1.729s] -- Found tf2: 0.25.12 (/opt/ros/humble/share/tf2/cmake)
[1.745s] -- Found tf2_ros: 0.25.12 (/opt/ros/humble/share/tf2_ros/cmake)
[1.898s] -- Found rosbag2_cpp: 0.15.13 (/opt/ros/humble/share/rosbag2_cpp/cmake)
[1.941s] -- Found rosbag2_transport: 0.15.13 (/opt/ros/humble/share/rosbag2_transport/cmake)
[1.999s] [31mCMake Error at CMakeLists.txt:29 (find_package):
[1.999s]   By not providing "Findcv_bridge.cmake" in CMAKE_MODULE_PATH this project
[1.999s]   has asked CMake to find a package configuration file provided by
[1.999s]   "cv_bridge", but CMake did not find one.
[1.999s] 
[1.999s]   Could not find a package configuration file provided by "cv_bridge" with
[1.999s]   any of the following names:
[1.999s] 
[1.999s]     cv_bridgeConfig.cmake
[1.999s]     cv_bridge-config.cmake
[1.999s] 
[1.999s]   Add the installation prefix of "cv_bridge" to CMAKE_PREFIX_PATH or set
[1.999s]   "cv_bridge_DIR" to a directory containing one of the above files.  If
[1.999s]   "cv_bridge" provides a separate development package or SDK, be sure it has
[1.999s]   been installed.
[1.999s] 
[1.999s] [0m
[2.000s] -- Configuring incomplete, errors occurred!
[2.000s] See also "/home/rosdev/ros2_ws/build/rvio2/CMakeFiles/CMakeOutput.log".
[2.011s] Invoked command in '/home/rosdev/ros2_ws/build/rvio2' returned '1': CMAKE_PREFIX_PATH=/opt/ros/humble /usr/bin/cmake /home/rosdev/ros2_ws/src/rvio2 -DCMAKE_INSTALL_PREFIX=/home/rosdev/ros2_ws/install/rvio2
