[0.029s] Invoking command in '/home/rosdev/ros2_ws/build/rvio2': CMAKE_PREFIX_PATH=/opt/ros/humble /usr/bin/cmake /home/rosdev/ros2_ws/src/rvio2 -DCMAKE_INSTALL_PREFIX=/home/rosdev/ros2_ws/install/rvio2
[0.067s] -- Build type: Release
[0.070s] -- Found ament_cmake: 1.3.11 (/opt/ros/humble/share/ament_cmake/cmake)
[0.311s] -- Found rclcpp: 16.0.11 (/opt/ros/humble/share/rclcpp/cmake)
[0.414s] -- Found rosidl_generator_c: 3.1.6 (/opt/ros/humble/share/rosidl_generator_c/cmake)
[0.423s] -- Found rosidl_adapter: 3.1.6 (/opt/ros/humble/share/rosidl_adapter/cmake)
[0.447s] -- Found rosidl_generator_cpp: 3.1.6 (/opt/ros/humble/share/rosidl_generator_cpp/cmake)
[0.475s] -- Using all available rosidl_typesupport_c: rosidl_typesupport_fastrtps_c;rosidl_typesupport_introspection_c
[0.504s] -- Using all available rosidl_typesupport_cpp: rosidl_typesupport_fastrtps_cpp;rosidl_typesupport_introspection_cpp
[0.600s] -- Found rmw_implementation_cmake: 6.1.2 (/opt/ros/humble/share/rmw_implementation_cmake/cmake)
[0.603s] -- Found rmw_fastrtps_cpp: 6.2.7 (/opt/ros/humble/share/rmw_fastrtps_cpp/cmake)
[0.759s] -- Using RMW implementation 'rmw_fastrtps_cpp' as default
[0.878s] -- Found sensor_msgs: 4.2.4 (/opt/ros/humble/share/sensor_msgs/cmake)
[0.942s] -- Found visualization_msgs: 4.2.4 (/opt/ros/humble/share/visualization_msgs/cmake)
[0.967s] -- Found nav_msgs: 4.2.4 (/opt/ros/humble/share/nav_msgs/cmake)
[0.990s] -- Found tf2: 0.25.12 (/opt/ros/humble/share/tf2/cmake)
[1.000s] -- Found tf2_ros: 0.25.12 (/opt/ros/humble/share/tf2_ros/cmake)
[1.163s] -- Found rosbag2_cpp: 0.15.13 (/opt/ros/humble/share/rosbag2_cpp/cmake)
[1.191s] -- Found rosbag2_transport: 0.15.13 (/opt/ros/humble/share/rosbag2_transport/cmake)
[1.255s] [31mCMake Error at CMakeLists.txt:29 (find_package):
[1.255s]   By not providing "Findcv_bridge.cmake" in CMAKE_MODULE_PATH this project
[1.255s]   has asked CMake to find a package configuration file provided by
[1.255s]   "cv_bridge", but CMake did not find one.
[1.255s] 
[1.255s]   Could not find a package configuration file provided by "cv_bridge" with
[1.255s]   any of the following names:
[1.255s] 
[1.255s]     cv_bridgeConfig.cmake
[1.255s]     cv_bridge-config.cmake
[1.256s] 
[1.256s]   Add the installation prefix of "cv_bridge" to CMAKE_PREFIX_PATH or set
[1.256s]   "cv_bridge_DIR" to a directory containing one of the above files.  If
[1.256s]   "cv_bridge" provides a separate development package or SDK, be sure it has
[1.256s]   been installed.
[1.256s] 
[1.256s] [0m
[1.256s] -- Configuring incomplete, errors occurred!
[1.256s] See also "/home/rosdev/ros2_ws/build/rvio2/CMakeFiles/CMakeOutput.log".
[1.279s] Invoked command in '/home/rosdev/ros2_ws/build/rvio2' returned '1': CMAKE_PREFIX_PATH=/opt/ros/humble /usr/bin/cmake /home/rosdev/ros2_ws/src/rvio2 -DCMAKE_INSTALL_PREFIX=/home/rosdev/ros2_ws/install/rvio2
