-- Build type: Release
-- Found ament_cmake: 1.3.11 (/opt/ros/humble/share/ament_cmake/cmake)
-- Found rclcpp: 16.0.11 (/opt/ros/humble/share/rclcpp/cmake)
-- Found rosidl_generator_c: 3.1.6 (/opt/ros/humble/share/rosidl_generator_c/cmake)
-- Found rosidl_adapter: 3.1.6 (/opt/ros/humble/share/rosidl_adapter/cmake)
-- Found rosidl_generator_cpp: 3.1.6 (/opt/ros/humble/share/rosidl_generator_cpp/cmake)
-- Using all available rosidl_typesupport_c: rosidl_typesupport_fastrtps_c;rosidl_typesupport_introspection_c
-- Using all available rosidl_typesupport_cpp: rosidl_typesupport_fastrtps_cpp;rosidl_typesupport_introspection_cpp
-- Found rmw_implementation_cmake: 6.1.2 (/opt/ros/humble/share/rmw_implementation_cmake/cmake)
-- Found rmw_fastrtps_cpp: 6.2.7 (/opt/ros/humble/share/rmw_fastrtps_cpp/cmake)
-- Using RMW implementation 'rmw_fastrtps_cpp' as default
-- Found sensor_msgs: 4.2.4 (/opt/ros/humble/share/sensor_msgs/cmake)
-- Found visualization_msgs: 4.2.4 (/opt/ros/humble/share/visualization_msgs/cmake)
-- Found nav_msgs: 4.2.4 (/opt/ros/humble/share/nav_msgs/cmake)
-- Found tf2: 0.25.12 (/opt/ros/humble/share/tf2/cmake)
-- Found tf2_ros: 0.25.12 (/opt/ros/humble/share/tf2_ros/cmake)
-- Found rosbag2_cpp: 0.15.13 (/opt/ros/humble/share/rosbag2_cpp/cmake)
-- Found rosbag2_transport: 0.15.13 (/opt/ros/humble/share/rosbag2_transport/cmake)
-- Found cv_bridge: 3.2.1 (/opt/ros/humble/share/cv_bridge/cmake)
-- Found OpenCV: /usr (found suitable version "4.5.4", minimum required is "4") 
-- Configuring done
-- Generating done
-- Build files have been written to: /home/rosdev/ros2_ws/build/rvio2
[ 27%] [32mBuilding CXX object CMakeFiles/rvio2.dir/src/rvio2/System.cc.o[0m
[ 27%] [32mBuilding CXX object CMakeFiles/rvio2.dir/src/rvio2/Ransac.cc.o[0m
[ 27%] [32mBuilding CXX object CMakeFiles/rvio2.dir/src/rvio2/Tracker.cc.o[0m
[ 45%] [32mBuilding CXX object CMakeFiles/rvio2.dir/src/rvio2/Updater.cc.o[0m
[ 45%] [32mBuilding CXX object CMakeFiles/rvio2.dir/src/rvio2/InputBuffer.cc.o[0m
[ 54%] [32mBuilding CXX object CMakeFiles/rvio2.dir/src/rvio2/Propagator.cc.o[0m
[ 72%] [32mBuilding CXX object CMakeFiles/rvio2.dir/src/rvio2/FeatureDetector.cc.o[0m
[ 72%] [32mBuilding CXX object CMakeFiles/rvio2.dir/src/rvio2/Feature.cc.o[0m
