[0.025s] Invoking command in '/home/rosdev/ros2_ws/build/rvio2': CMAKE_PREFIX_PATH=/opt/ros/humble /usr/bin/cmake /home/rosdev/ros2_ws/src/rvio2 -DCMAKE_INSTALL_PREFIX=/home/rosdev/ros2_ws/install/rvio2
[0.106s] -- Build type: Release
[0.107s] -- Found ament_cmake: 1.3.11 (/opt/ros/humble/share/ament_cmake/cmake)
[0.271s] -- Found rclcpp: 16.0.11 (/opt/ros/humble/share/rclcpp/cmake)
[0.336s] -- Found rosidl_generator_c: 3.1.6 (/opt/ros/humble/share/rosidl_generator_c/cmake)
[0.342s] -- Found rosidl_adapter: 3.1.6 (/opt/ros/humble/share/rosidl_adapter/cmake)
[0.354s] -- Found rosidl_generator_cpp: 3.1.6 (/opt/ros/humble/share/rosidl_generator_cpp/cmake)
[0.373s] -- Using all available rosidl_typesupport_c: rosidl_typesupport_fastrtps_c;rosidl_typesupport_introspection_c
[0.397s] -- Using all available rosidl_typesupport_cpp: rosidl_typesupport_fastrtps_cpp;rosidl_typesupport_introspection_cpp
[0.465s] -- Found rmw_implementation_cmake: 6.1.2 (/opt/ros/humble/share/rmw_implementation_cmake/cmake)
[0.471s] -- Found rmw_fastrtps_cpp: 6.2.7 (/opt/ros/humble/share/rmw_fastrtps_cpp/cmake)
[0.599s] -- Using RMW implementation 'rmw_fastrtps_cpp' as default
[0.692s] -- Found sensor_msgs: 4.2.4 (/opt/ros/humble/share/sensor_msgs/cmake)
[0.745s] -- Found visualization_msgs: 4.2.4 (/opt/ros/humble/share/visualization_msgs/cmake)
[0.773s] -- Found nav_msgs: 4.2.4 (/opt/ros/humble/share/nav_msgs/cmake)
[0.795s] -- Found tf2: 0.25.12 (/opt/ros/humble/share/tf2/cmake)
[0.802s] -- Found tf2_ros: 0.25.12 (/opt/ros/humble/share/tf2_ros/cmake)
[0.922s] -- Found rosbag2_cpp: 0.15.13 (/opt/ros/humble/share/rosbag2_cpp/cmake)
[0.948s] -- Found rosbag2_transport: 0.15.13 (/opt/ros/humble/share/rosbag2_transport/cmake)
[0.988s] [31mCMake Error at CMakeLists.txt:29 (find_package):
[0.988s]   By not providing "Findcv_bridge.cmake" in CMAKE_MODULE_PATH this project
[0.988s]   has asked CMake to find a package configuration file provided by
[0.988s]   "cv_bridge", but CMake did not find one.
[0.988s] 
[0.988s]   Could not find a package configuration file provided by "cv_bridge" with
[0.988s]   any of the following names:
[0.988s] 
[0.988s]     cv_bridgeConfig.cmake
[0.989s]     cv_bridge-config.cmake
[0.989s] 
[0.989s]   Add the installation prefix of "cv_bridge" to CMAKE_PREFIX_PATH or set
[0.989s]   "cv_bridge_DIR" to a directory containing one of the above files.  If
[0.989s]   "cv_bridge" provides a separate development package or SDK, be sure it has
[0.989s]   been installed.
[0.989s] 
[0.989s] [0m
[0.989s] -- Configuring incomplete, errors occurred!
[0.989s] See also "/home/rosdev/ros2_ws/build/rvio2/CMakeFiles/CMakeOutput.log".
[1.001s] Invoked command in '/home/rosdev/ros2_ws/build/rvio2' returned '1': CMAKE_PREFIX_PATH=/opt/ros/humble /usr/bin/cmake /home/rosdev/ros2_ws/src/rvio2 -DCMAKE_INSTALL_PREFIX=/home/rosdev/ros2_ws/install/rvio2
